ml5885
*   44672a9 fourth merge
|\  
| *   4f071b9 second merge
| |\  
| * | 34b3c0f branch from test1
* | |   17f8a60 third merge
|\ \ \  
| | |/  
| |/|   
| * |   955f3bb first merge
| |\ \  
| | |/  
| | * 7d15f32 test2 file added
* | | b639fd2 branch from branch2
|/ /  
* | 0f58f09 test1 file added
|/  
* d266958 first commit

tb1420
*   f4f4f88 Merge branch 'merge_rollb1'
|\  
| *   4f4f404 Merge branch 'rollb1' into HEAD
| |\  
| | * c69cb32 4th commit (first commit on rollb1).
* | |   40e9e75 Merge branch 'first'
|\ \ \  
| |/ /  
|/| |   
| * | 9499ac0 5th commit (2nd on first).
* | |   1001049 Merge branch 'first'
|\ \ \  
| |/ /  
| | /   
| |/    
|/|     
| * 3ed69b2 3rd commit (1st on first).
* | cd20ee6 2nd commit (2nd on master).
|/  
* 151a92c 1st commit (1st on master).